0 info it worked if it ends with ok
1 verbose cli [
1 verbose cli   '/usr/bin/node',
1 verbose cli   '/usr/bin/npm',
1 verbose cli   'install',
1 verbose cli   '-g',
1 verbose cli   'generator-beskope'
1 verbose cli ]
2 info using npm@6.14.5
3 info using node@v14.5.0
4 verbose npm-session 9953dd92e4cfcf3d
5 silly install loadCurrentTree
6 silly install readGlobalPackageData
7 http fetch GET 404 https://registry.npmjs.org/generator-beskope 8213ms
8 http fetch GET 404 https://registry.npmjs.org/generator-beskope 422ms
9 silly fetchPackageMetaData error for generator-beskope@latest 404 Not Found - GET https://registry.npmjs.org/generator-beskope - Not found
10 timing stage:rollbackFailedOptional Completed in 1ms
11 timing stage:runTopLevelLifecycles Completed in 8663ms
12 verbose stack Error: 404 Not Found - GET https://registry.npmjs.org/generator-beskope - Not found
12 verbose stack     at /usr/lib/node_modules/npm/node_modules/npm-registry-fetch/check-response.js:104:15
12 verbose stack     at processTicksAndRejections (internal/process/task_queues.js:93:5)
13 verbose statusCode 404
14 verbose pkgid generator-beskope@latest
15 verbose cwd /home/rstudio
16 verbose Linux 5.3.0-61-generic
17 verbose argv "/usr/bin/node" "/usr/bin/npm" "install" "-g" "generator-beskope"
18 verbose node v14.5.0
19 verbose npm  v6.14.5
20 error code E404
21 error 404 Not Found - GET https://registry.npmjs.org/generator-beskope - Not found
22 error 404
23 error 404 'generator-beskope@latest' is not in the npm registry.
24 error 404 You should bug the author to publish it (or use the name yourself!)
25 error 404 Note that you can also install from a
26 error 404 tarball, folder, http url, or git url.
27 verbose exit [ 1, true ]
